Invalid row ['8063', 'Integrating Technology and Human Resources for High-Performance Manufacturing: Evidence from the International Auto Industry', '1-55963-665-3']

Invalid row []

Invalid row ['1-55963-410-3', 'MacDuffie, John Paul; Krafcik, John F.', 'Economics/Growth, Allocation and Distribution/Technology and Technical Change/Economic Impacts           ']

0 Global Warming in an Unequal World: A Case of Environmental Colonialism: No results matched on Tisch Library

3 Discriminating Altruisms: No results matched on Tisch Library

10 The Rehabilitation of Altruism and Cooperation: No results matched on Tisch Library

19 An Introduction to Global History: No results matched on Tisch Library

28 The Rounding of the Earth: Ecology and Global History: No results matched on Tisch Library

29 The Value Basis of Environmental Concern. (Green Justice: Conceptions of Fairness and the Natural World): No results matched on Tisch Library

38 Global History: Historiographical Feasibility and Environmental Reality: No results matched on Tisch Library

39 Freedom and Consequences: No results matched on Tisch Library

46 Global History and the Third World: No results matched on Tisch Library

57 From Universal History to Global History: No results matched on Tisch Library

69 Global History in a Postmodernist Era?: No results matched on Tisch Library

72 Multipartyism and Nostaligia for the Unified Past: Discourses of Democracy in a Dance Association in Cameroon: No results found on Tisch Library

78 Migration and Its Enemies: No results matched on Tisch Library

79 The Depleting Moral Legacy: The Moral Re-entry: No results matched on Tisch Library

88 A Globalizing Economy: Some Implications and Consequences: No results matched on Tisch Library

89 Theories of Progress, Development, Evolution: No results matched on Tisch Library

97 Human Rights as Global Imperative: No results matched on Tisch Library

98 Valuations, Beliefs and Opinions: No results matched on Tisch Library

103 The Globalization of Music: Expanding Spheres of Influence: No results matched on Tisch Library

109 Equality, Incommensurability and Rights: No results matched on Tisch Library

111 On the Prospect of Global History: No results matched on Tisch Library

114 Bioethics in Tanzania: Legal and Ethical Concerns in Medical Care and Research in Relation to the HIV/Aids Epidemic: No results matched on Tisch Library

125 Assisting the Global Poor: No results matched on Tisch Library

127 Are Animals Aware of What They Are Doing?: No results matched on Tisch Library

128 Humans as Contrasted with, Humans as Included in the Class of Animals: No results matched on Tisch Library

135 The Ambiguity of Environmental Ethics: Duty or Heroism: No results matched on Tisch Library

136 Environmental Justice: No results matched on Tisch Library

139 On the Back of Animals: No results matched on Tisch Library

140 The Environment, Rights and Future Generations: No results matched on Tisch Library

143 The Liberation of Nature?: No results matched on Tisch Library

151 Risks, Costs, and Benefits: No results matched on Tisch Library

155 Justice and Equality: No results matched on Tisch Library

156 Epidemiology and Sociology as Incommensurate Games: Accounts from the Study of Health and Ethnicity: No results matched on Tisch Library

157 Feeding People versus Saving Nature?: No results matched on Tisch Library

